  [1m[35m (0.5ms)[0m  [1m[35mSET NAMES utf8,  @@SESSION.sql_mode = CONCAT(CONCAT(@@sql_mode, ',STRICT_ALL_TABLES'), ',NO_AUTO_VALUE_ON_ZERO'),  @@SESSION.sql_auto_is_null = 0, @@SESSION.wait_timeout = 2147483[0m
  [1m[35m (38.6ms)[0m  [1m[35mCREATE TABLE `schema_migrations` (`version` varchar(255) NOT NULL PRIMARY KEY) ENGINE=InnoDB[0m
  [1m[35m (29.2ms)[0m  [1m[35mCREATE TABLE `ar_internal_metadata` (`key` varchar(255) NOT NULL PRIMARY KEY, `value` varchar(255), `created_at` datetime NOT NULL, `updated_at` datetime NOT NULL) ENGINE=InnoDB[0m
  [1m[35m (0.4ms)[0m  [1m[34mSELECT GET_LOCK(4765488370806255750, 0)[0m
  [1m[35m (0.4ms)[0m  [1m[34mSELECT `schema_migrations`.`version` FROM `schema_migrations` ORDER BY `schema_migrations`.`version` ASC[0m
Migrating to DeviseCreateUsers (20171217052253)
  [1m[35m (21.8ms)[0m  [1m[35mCREATE TABLE `users` (`id` bigint NOT NULL AUTO_INCREMENT PRIMARY KEY, `email` varchar(255) DEFAULT '' NOT NULL, `encrypted_password` varchar(255) DEFAULT '' NOT NULL, `reset_password_token` varchar(255), `reset_password_sent_at` datetime, `remember_created_at` datetime, `sign_in_count` int DEFAULT 0 NOT NULL, `current_sign_in_at` datetime, `last_sign_in_at` datetime, `current_sign_in_ip` varchar(255), `last_sign_in_ip` varchar(255), `confirmation_token` varchar(255), `confirmed_at` datetime, `confirmation_sent_at` datetime, `unconfirmed_email` varchar(255), `created_at` datetime NOT NULL, `updated_at` datetime NOT NULL) ENGINE=InnoDB[0m
  [1m[35m (29.5ms)[0m  [1m[35mCREATE UNIQUE INDEX `index_users_on_email`  ON `users` (`email`) [0m
  [1m[35m (25.5ms)[0m  [1m[35mCREATE UNIQUE INDEX `index_users_on_reset_password_token`  ON `users` (`reset_password_token`) [0m
  [1m[35m (12.5ms)[0m  [1m[35mCREATE UNIQUE INDEX `index_users_on_confirmation_token`  ON `users` (`confirmation_token`) [0m
  [1m[35m (0.3ms)[0m  [1m[35mBEGIN[0m
  [1m[35mSQL (0.4ms)[0m  [1m[32mINSERT INTO `schema_migrations` (`version`) VALUES ('20171217052253')[0m
  [1m[35m (2.3ms)[0m  [1m[35mCOMMIT[0m
  [1m[36mActiveRecord::InternalMetadata Load (0.4ms)[0m  [1m[34mSELECT  `ar_internal_metadata`.* FROM `ar_internal_metadata` WHERE `ar_internal_metadata`.`key` = 'environment' LIMIT 1[0m
  [1m[35m (0.3ms)[0m  [1m[35mBEGIN[0m
  [1m[35mSQL (0.4ms)[0m  [1m[32mINSERT INTO `ar_internal_metadata` (`key`, `value`, `created_at`, `updated_at`) VALUES ('environment', 'development', '2017-12-20 11:08:32', '2017-12-20 11:08:32')[0m
  [1m[35m (2.1ms)[0m  [1m[35mCOMMIT[0m
  [1m[35m (0.3ms)[0m  [1m[34mSELECT RELEASE_LOCK(4765488370806255750)[0m
  [1m[35m (0.4ms)[0m  [1m[34mSELECT `schema_migrations`.`version` FROM `schema_migrations` ORDER BY `schema_migrations`.`version` ASC[0m
Started GET "/" for 127.0.0.1 at 2017-12-20 16:08:43 +0500
  [1m[35m (0.8ms)[0m  [1m[35mSET NAMES utf8,  @@SESSION.sql_mode = CONCAT(CONCAT(@@sql_mode, ',STRICT_ALL_TABLES'), ',NO_AUTO_VALUE_ON_ZERO'),  @@SESSION.sql_auto_is_null = 0, @@SESSION.wait_timeout = 2147483[0m
  [1m[35m (0.4ms)[0m  [1m[34mSELECT `schema_migrations`.`version` FROM `schema_migrations` ORDER BY `schema_migrations`.`version` ASC[0m
Processing by HomeController#index as HTML
  Rendering home/index.html.erb within layouts/application
  Rendered home/index.html.erb within layouts/application (8.2ms)
Completed 200 OK in 1018ms (Views: 1005.7ms | ActiveRecord: 0.0ms)


Started GET "/users/sign_up" for 127.0.0.1 at 2017-12-20 16:08:46 +0500
Processing by Devise::RegistrationsController#new as HTML
  Rendering /home/taha/.rvm/gems/ruby-2.4.3/gems/devise-4.3.0/app/views/devise/registrations/new.html.erb within layouts/application
  Rendered /home/taha/.rvm/gems/ruby-2.4.3/gems/devise-4.3.0/app/views/devise/shared/_links.html.erb (1.7ms)
  Rendered /home/taha/.rvm/gems/ruby-2.4.3/gems/devise-4.3.0/app/views/devise/registrations/new.html.erb within layouts/application (29.5ms)
Completed 200 OK in 87ms (Views: 51.0ms | ActiveRecord: 2.2ms)


Started POST "/users" for 127.0.0.1 at 2017-12-20 16:08:56 +0500
Processing by Devise::RegistrationsController#create as HTML
  Parameters: {"utf8"=>"✓", "authenticity_token"=>"fHE+iKbvlKdA+mH6chZeE2iyzz6F5Q0CvjmRMDn4Q1XBAj137xUu+Th49Ded1YT1nGD1hrLXj84R5udSlr6c1g==", "user"=>{"email"=>"muhammad.taha@pikessoft.com", "password"=>"[FILTERED]", "password_confirmation"=>"[FILTERED]"}, "commit"=>"Sign up"}
  [1m[35m (0.3ms)[0m  [1m[35mBEGIN[0m
  [1m[36mUser Exists (0.6ms)[0m  [1m[34mSELECT  1 AS one FROM `users` WHERE `users`.`email` = BINARY 'muhammad.taha@pikessoft.com' LIMIT 1[0m
  [1m[35mSQL (0.5ms)[0m  [1m[32mINSERT INTO `users` (`email`, `encrypted_password`, `confirmation_token`, `confirmation_sent_at`, `created_at`, `updated_at`) VALUES ('muhammad.taha@pikessoft.com', '$2a$11$vEXlWEVlEwGq5xSjBkXs0OQJhB0UAOHIQfc16HWWsAJFUMFUDFqty', 'oEk3BLfuzmEJdRp5zAbK', '2017-12-20 11:08:56', '2017-12-20 11:08:56', '2017-12-20 11:08:56')[0m
  [1m[35m (2.6ms)[0m  [1m[35mCOMMIT[0m
  Rendering /home/taha/.rvm/gems/ruby-2.4.3/gems/devise-4.3.0/app/views/devise/mailer/confirmation_instructions.html.erb
  Rendered /home/taha/.rvm/gems/ruby-2.4.3/gems/devise-4.3.0/app/views/devise/mailer/confirmation_instructions.html.erb (1.2ms)
Devise::Mailer#confirmation_instructions: processed outbound mail in 414.7ms
Sent mail to muhammad.taha@pikessoft.com (8632.5ms)
Date: Wed, 20 Dec 2017 16:08:57 +0500
From: taha2040qureshi@gmail.com
Reply-To: taha2040qureshi@gmail.com
To: muhammad.taha@pikessoft.com
Message-ID: <5a3a44c9367cb_f2327278047341d@taha.mail>
Subject: Confirmation instructions
Mime-Version: 1.0
Content-Type: text/html;
 charset=UTF-8
Content-Transfer-Encoding: 7bit

<p>Welcome muhammad.taha@pikessoft.com!</p>

<p>You can confirm your account email through the link below:</p>

<p><a href="http://localhost:3000/users/confirmation?confirmation_token=oEk3BLfuzmEJdRp5zAbK">Confirm my account</a></p>

Redirected to http://localhost:3000/
Completed 302 Found in 9520ms (ActiveRecord: 3.9ms)


Started GET "/" for 127.0.0.1 at 2017-12-20 16:09:05 +0500
Processing by HomeController#index as HTML
  Rendering home/index.html.erb within layouts/application
  Rendered home/index.html.erb within layouts/application (1.4ms)
Completed 200 OK in 24ms (Views: 23.0ms | ActiveRecord: 0.0ms)


Started GET "/users/confirmation?confirmation_token=oEk3BLfuzmEJdRp5zAbK" for 127.0.0.1 at 2017-12-20 16:10:09 +0500
Processing by Devise::ConfirmationsController#show as HTML
  Parameters: {"confirmation_token"=>"oEk3BLfuzmEJdRp5zAbK"}
  [1m[36mUser Load (0.7ms)[0m  [1m[34mSELECT  `users`.* FROM `users` WHERE `users`.`confirmation_token` = 'oEk3BLfuzmEJdRp5zAbK' ORDER BY `users`.`id` ASC LIMIT 1[0m
  [1m[35m (0.4ms)[0m  [1m[35mBEGIN[0m
  [1m[35mSQL (0.7ms)[0m  [1m[33mUPDATE `users` SET `confirmed_at` = '2017-12-20 11:10:09', `updated_at` = '2017-12-20 11:10:09' WHERE `users`.`id` = 1[0m
  [1m[35m (5.4ms)[0m  [1m[35mCOMMIT[0m
Redirected to http://localhost:3000/users/sign_in
Completed 302 Found in 19ms (ActiveRecord: 7.2ms)


Started GET "/users/sign_in" for 127.0.0.1 at 2017-12-20 16:10:09 +0500
Processing by Devise::SessionsController#new as HTML
  Rendering /home/taha/.rvm/gems/ruby-2.4.3/gems/devise-4.3.0/app/views/devise/sessions/new.html.erb within layouts/application
  Rendered /home/taha/.rvm/gems/ruby-2.4.3/gems/devise-4.3.0/app/views/devise/shared/_links.html.erb (2.2ms)
  Rendered /home/taha/.rvm/gems/ruby-2.4.3/gems/devise-4.3.0/app/views/devise/sessions/new.html.erb within layouts/application (8.2ms)
Completed 200 OK in 34ms (Views: 32.3ms | ActiveRecord: 0.0ms)


